[15:45:41] [main/INFO]: Setting user: Player718
[15:45:42] [Client thread/INFO]: LWJGL Version: 2.9.1
[15:45:46] [Client thread/INFO]: Reloading ResourceManager: Default, FMLFileResourcePack:Forge Mod Loader, FMLFileResourcePack:Minecraft Forge, FMLFileResourcePack:SimpleCraft
[15:45:47] [Sound Library Loader/INFO]: Sound engine started
[15:45:48] [Client thread/INFO]: Created: 512x256 textures/blocks-atlas
[15:45:49] [Client thread/INFO]: Created: 256x256 textures/items-atlas
[15:45:49] [Client thread/INFO]: Reloading ResourceManager: Default, FMLFileResourcePack:Forge Mod Loader, FMLFileResourcePack:Minecraft Forge, FMLFileResourcePack:SimpleCraft
[15:45:49] [Client thread/INFO]: Created: 256x256 textures/items-atlas
[15:45:49] [Client thread/INFO]: Created: 512x256 textures/blocks-atlas
[15:45:50] [Sound Library Loader/INFO]: Sound engine started
[15:45:55] [Server thread/INFO]: Starting integrated minecraft server version 1.7.10
[15:45:55] [Server thread/INFO]: Generating keypair
[15:46:08] [Server thread/INFO]: Preparing start region for level 0
[15:46:09] [Server thread/INFO]: Changing view distance to 12, from 10
[15:46:10] [Server thread/INFO]: Player718[local:E:15a96854] logged in with entity id 260 at (159.5, 4.0, 442.5)
[15:46:10] [Server thread/INFO]: Player718 joined the game
[15:46:15] [Client thread/INFO]: Stopping!
[15:46:15] [Server thread/INFO]: Stopping server
[15:46:15] [Server thread/INFO]: Saving players
[15:46:15] [Server thread/INFO]: Saving worlds
[15:46:15] [Server thread/INFO]: Saving chunks for level 'New World'/Overworld
[15:46:15] [Server thread/INFO]: Saving chunks for level 'New World'/Nether
[15:46:15] [Server thread/INFO]: Saving chunks for level 'New World'/The End
